0 info it worked if it ends with ok
1 verbose cli [ 'node',
1 verbose cli   '/usr/local/bin/npm',
1 verbose cli   'install',
1 verbose cli   'package.json',
1 verbose cli   '--save' ]
2 info using npm@2.10.1
3 info using node@v0.12.4
4 verbose install initial load of /Users/mritz/git/bike4beds/package.json
5 verbose installManyTop reading scoped package data from /Users/mritz/git/bike4beds/node_modules/bcrypt/package.json
6 verbose installManyTop reading scoped package data from /Users/mritz/git/bike4beds/node_modules/emailjs/package.json
7 verbose installManyTop reading scoped package data from /Users/mritz/git/bike4beds/node_modules/express/package.json
8 verbose installManyTop reading scoped package data from /Users/mritz/git/bike4beds/node_modules/jade/package.json
9 verbose installManyTop reading scoped package data from /Users/mritz/git/bike4beds/node_modules/jquery/package.json
10 verbose installManyTop reading scoped package data from /Users/mritz/git/bike4beds/node_modules/moment/package.json
11 verbose installManyTop reading scoped package data from /Users/mritz/git/bike4beds/node_modules/mongodb/package.json
12 verbose installManyTop reading scoped package data from /Users/mritz/git/bike4beds/node_modules/mongoose/package.json
13 verbose installManyTop reading scoped package data from /Users/mritz/git/bike4beds/node_modules/mongoose-validator/package.json
14 verbose installManyTop reading scoped package data from /Users/mritz/git/bike4beds/node_modules/stripe/package.json
15 verbose installManyTop reading scoped package data from /Users/mritz/git/bike4beds/node_modules/stylus/package.json
16 info package.json bcrypt@0.7.4 No license field.
17 info package.json emailjs@0.3.4 No license field.
18 info package.json jade@0.28.2 No license field.
19 info package.json express@3.0.6 No license field.
20 info package.json jquery@1.8.3 No license field.
21 info package.json moment@2.0.0 No license field.
22 info package.json mongodb@1.2.13 No license field.
23 info package.json stylus@0.32.1 No license field.
24 info package.json stripe@1.3.0 No license field.
25 info package.json mongoose-validator@0.2.1 No license field.
26 info package.json mongoose@3.5.7 bugs.email field must be a string email. Deleted.
27 info package.json mongoose@3.5.7 No license field.
28 verbose readDependencies loading dependencies from /Users/mritz/git/bike4beds/package.json
29 silly cache add args [ 'package.json', null ]
30 verbose cache add spec package.json
31 silly cache add parsed spec { raw: 'package.json',
31 silly cache add   scope: null,
31 silly cache add   name: null,
31 silly cache add   rawSpec: 'package.json',
31 silly cache add   spec: '/Users/mritz/git/bike4beds/package.json',
31 silly cache add   type: 'local' }
32 silly addLocalTarball shasum (computed) b9e26dccf4fb05875893185c3a0f93ed2a4de314
33 verbose addTmpTarball /Users/mritz/git/bike4beds/package.json not in flight; adding
34 verbose addTmpTarball validating metadata from /Users/mritz/git/bike4beds/package.json
35 verbose tar unpack /Users/mritz/git/bike4beds/package.json
36 verbose tar unpacking to /var/folders/_j/y9b328rs563d8dtlpfvdwc000000gn/T/npm-73869-0caa07cc/unpack-cf22f46ca48a
37 silly gentlyRm /var/folders/_j/y9b328rs563d8dtlpfvdwc000000gn/T/npm-73869-0caa07cc/unpack-cf22f46ca48a is being purged
38 verbose gentlyRm don't care about contents; nuking /var/folders/_j/y9b328rs563d8dtlpfvdwc000000gn/T/npm-73869-0caa07cc/unpack-cf22f46ca48a
39 silly gunzTarPerm modes [ '755', '644' ]
40 error not a package /Users/mritz/git/bike4beds/package.json
41 error addLocal Could not install /Users/mritz/git/bike4beds/package.json
42 verbose stack Error: ENOENT, open '/var/folders/_j/y9b328rs563d8dtlpfvdwc000000gn/T/npm-73869-0caa07cc/unpack-cf22f46ca48a/package.json'
42 verbose stack     at Error (native)
43 verbose cwd /Users/mritz/git/bike4beds
44 error Darwin 13.4.0
45 error argv "node" "/usr/local/bin/npm" "install" "package.json" "--save"
46 error node v0.12.4
47 error npm  v2.10.1
48 error path /var/folders/_j/y9b328rs563d8dtlpfvdwc000000gn/T/npm-73869-0caa07cc/unpack-cf22f46ca48a/package.json
49 error code ENOENT
50 error errno -2
51 error enoent ENOENT, open '/var/folders/_j/y9b328rs563d8dtlpfvdwc000000gn/T/npm-73869-0caa07cc/unpack-cf22f46ca48a/package.json'
51 error enoent This is most likely not a problem with npm itself
51 error enoent and is related to npm not being able to find a file.
52 verbose exit [ -2, true ]
